{
  "RSpec": {
    "coverage": {
      "/Users/macos/Desktop/Repositories/memories_app/app/models/user.rb": {
        "lines": [
          null,
          null,
          1,
          17,
          null,
          null,
          1,
          null,
          null,
          1,
          1,
          null,
          1,
          null
        ]
      },
      "/Users/macos/Desktop/Repositories/memories_app/app/models/application_record.rb": {
        "lines": [
          null,
          null,
          1,
          1,
          null
        ]
      },
      "/Users/macos/Desktop/Repositories/memories_app/app/helpers/application_helper.rb": {
        "lines": [
          null,
          null,
          1,
          1,
          6,
          null,
          null
        ]
      },
      "/Users/macos/Desktop/Repositories/memories_app/app/models/journal.rb": {
        "lines": [
          null,
          null,
          1,
          96,
          19,
          1,
          1,
          null,
          1,
          null,
          20,
          null
        ]
      },
      "/Users/macos/Desktop/Repositories/memories_app/app/models/entry.rb": {
        "lines": [
          null,
          null,
          1,
          36,
          null,
          1,
          1,
          null,
          1,
          1,
          null,
          8,
          null
        ]
      },
      "/Users/macos/Desktop/Repositories/memories_app/app/controllers/application_controller.rb": {
        "lines": [
          null,
          null,
          null,
          1,
          1,
          1,
          null,
          1,
          null,
          1,
          1,
          1,
          null,
          null
        ]
      },
      "/Users/macos/Desktop/Repositories/memories_app/app/controllers/home_controller.rb": {
        "lines": [
          null,
          null,
          null,
          1,
          1,
          1,
          10,
          10,
          null,
          null
        ]
      },
      "/Users/macos/Desktop/Repositories/memories_app/app/channels/application_cable/connection.rb": {
        "lines": [
          null,
          null,
          1,
          1,
          null,
          null
        ]
      },
      "/Users/macos/Desktop/Repositories/memories_app/app/controllers/journals_controller.rb": {
        "lines": [
          null,
          null,
          null,
          1,
          1,
          1,
          null,
          1,
          2,
          null,
          null,
          1,
          2,
          2,
          1,
          1,
          2,
          null,
          null,
          1,
          null,
          null,
          null,
          1,
          1,
          null,
          null,
          1,
          4,
          null,
          4,
          null,
          4,
          4,
          null,
          null,
          1,
          1,
          null,
          1,
          1,
          2,
          null,
          null,
          null,
          1,
          1,
          null,
          1,
          1,
          2,
          null,
          null,
          null,
          1,
          null,
          1,
          9,
          null,
          null,
          1,
          3,
          null,
          null,
          1,
          9,
          null,
          null
        ]
      },
      "/Users/macos/Desktop/Repositories/memories_app/app/controllers/entries_controller.rb": {
        "lines": [
          null,
          null,
          null,
          1,
          1,
          1,
          null,
          1,
          null,
          1,
          1,
          null,
          null,
          1,
          1,
          1,
          1,
          1,
          1,
          2,
          null,
          null,
          0,
          null,
          null,
          null,
          1,
          null,
          1,
          1,
          null,
          1,
          1,
          2,
          null,
          null,
          null,
          1,
          1,
          null,
          1,
          1,
          2,
          null,
          null,
          null,
          1,
          null,
          1,
          2,
          null,
          null,
          1,
          5,
          null,
          null,
          1,
          3,
          null,
          null
        ]
      }
    },
    "timestamp": 1708203144
  }
}
